<?xml version="1.0" encoding="UTF-8"?>
<testng-results ignored="8" total="9" passed="1" failed="0" skipped="0">
  <reporter-output>
  </reporter-output>
  <suite started-at="2025-09-10T08:34:56 IST" name="Suite" finished-at="2025-09-10T08:35:27 IST" duration-ms="31269">
    <groups>
    </groups>
    <test started-at="2025-09-10T08:34:56 IST" name="Smoke Testing" finished-at="2025-09-10T08:35:27 IST" duration-ms="31269">
      <class name="com.Hrms.tests.TestPIMPage">
        <test-method is-config="true" signature="setup()[pri:0, instance:com.Hrms.tests.TestPIMPage@5f9edf14]" started-at="2025-09-10T08:34:56 IST" name="setup" finished-at="2025-09-10T08:35:02 IST" duration-ms="6029" status="PASS">
          <reporter-output>
          </reporter-output>
        </test-method> <!-- setup -->
        <test-method signature="addEmployeeThenVeify()[pri:0, instance:com.Hrms.tests.TestPIMPage@5f9edf14]" started-at="2025-09-10T08:35:02 IST" name="addEmployeeThenVeify" description="Verify that an employee can be added successfully" finished-at="2025-09-10T08:35:27 IST" duration-ms="25170" status="PASS">
          <reporter-output>
          </reporter-output>
        </test-method> <!-- addEmployeeThenVeify -->
        <test-method is-config="true" signature="close()[pri:0, instance:com.Hrms.tests.TestPIMPage@5f9edf14]" started-at="2025-09-10T08:35:27 IST" name="close" finished-at="2025-09-10T08:35:27 IST" duration-ms="3" status="PASS">
          <reporter-output>
          </reporter-output>
        </test-method> <!-- close -->
      </class> <!-- com.Hrms.tests.TestPIMPage -->
    </test> <!-- Smoke Testing -->
  </suite> <!-- Suite -->
</testng-results>
